0 info it worked if it ends with ok
1 verbose cli [ 'C:\\Program Files\\nodejs\\node.exe',
1 verbose cli   'C:\\Users\\Kalana\\AppData\\Roaming\\npm\\node_modules\\npm\\bin\\npm-cli.js',
1 verbose cli   'install',
1 verbose cli   'shelljs',
1 verbose cli   '--save' ]
2 info using npm@3.3.6
3 info using node@v4.1.2
4 silly loadCurrentTree Starting
5 silly install loadCurrentTree
6 silly install readLocalPackageData
7 silly fetchPackageMetaData shelljs
8 silly fetchNamedPackageData shelljs
9 silly mapToRegistry name shelljs
10 silly mapToRegistry using default registry
11 silly mapToRegistry registry https://registry.npmjs.org/
12 silly mapToRegistry uri https://registry.npmjs.org/shelljs
13 verbose request uri https://registry.npmjs.org/shelljs
14 verbose request no auth needed
15 info attempt registry request try #1 at 1:56:19 PM
16 verbose request id c1f04d183b7d2567
17 verbose etag "99ZSL9ET7G7DZSO9JUAN06DVR"
18 http request GET https://registry.npmjs.org/shelljs
19 http 200 https://registry.npmjs.org/shelljs
20 verbose headers { server: 'nginx/1.10.3',
20 verbose headers   'content-type': 'application/json',
20 verbose headers   'last-modified': 'Mon, 24 Jul 2017 04:01:59 GMT',
20 verbose headers   etag: 'W/"59757137-14bf8"',
20 verbose headers   'content-encoding': 'gzip',
20 verbose headers   'cache-control': 'max-age=300',
20 verbose headers   'content-length': '15882',
20 verbose headers   'accept-ranges': 'bytes',
20 verbose headers   date: 'Wed, 26 Jul 2017 08:25:44 GMT',
20 verbose headers   via: '1.1 varnish',
20 verbose headers   age: '84',
20 verbose headers   connection: 'keep-alive',
20 verbose headers   'x-served-by': 'cache-sin18028-SIN',
20 verbose headers   'x-cache': 'HIT',
20 verbose headers   'x-cache-hits': '1',
20 verbose headers   'x-timer': 'S1501057545.926023,VS0,VE0',
20 verbose headers   vary: 'Accept-Encoding, Accept' }
21 silly get cb [ 200,
21 silly get   { server: 'nginx/1.10.3',
21 silly get     'content-type': 'application/json',
21 silly get     'last-modified': 'Mon, 24 Jul 2017 04:01:59 GMT',
21 silly get     etag: 'W/"59757137-14bf8"',
21 silly get     'content-encoding': 'gzip',
21 silly get     'cache-control': 'max-age=300',
21 silly get     'content-length': '15882',
21 silly get     'accept-ranges': 'bytes',
21 silly get     date: 'Wed, 26 Jul 2017 08:25:44 GMT',
21 silly get     via: '1.1 varnish',
21 silly get     age: '84',
21 silly get     connection: 'keep-alive',
21 silly get     'x-served-by': 'cache-sin18028-SIN',
21 silly get     'x-cache': 'HIT',
21 silly get     'x-cache-hits': '1',
21 silly get     'x-timer': 'S1501057545.926023,VS0,VE0',
21 silly get     vary: 'Accept-Encoding, Accept' } ]
22 verbose get saving shelljs to C:\Users\Kalana\AppData\Roaming\npm-cache\registry.npmjs.org\shelljs\.cache.json
23 silly install normalizeTree
24 silly loadCurrentTree Finishing
25 silly loadIdealTree Starting
26 silly install loadIdealTree
27 silly cloneCurrentTree Starting
28 silly install cloneCurrentTreeToIdealTree
29 silly cloneCurrentTree Finishing
30 silly loadShrinkwrap Starting
31 silly install loadShrinkwrap
32 silly loadShrinkwrap Finishing
33 silly loadAllDepsIntoIdealTree Starting
34 silly install loadAllDepsIntoIdealTree
35 silly resolveWithNewModule shelljs@0.7.8 checking installable status
36 silly cache add args [ 'shelljs', null ]
37 verbose cache add spec shelljs
38 silly cache add parsed spec Result {
38 silly cache add   raw: 'shelljs',
38 silly cache add   scope: null,
38 silly cache add   name: 'shelljs',
38 silly cache add   rawSpec: '',
38 silly cache add   spec: '*',
38 silly cache add   type: 'range' }
39 silly addNamed shelljs@*
40 verbose addNamed "*" is a valid semver range for shelljs
41 silly addNameRange { name: 'shelljs', range: '*', hasData: false }
42 silly mapToRegistry name shelljs
43 silly mapToRegistry using default registry
44 silly mapToRegistry registry https://registry.npmjs.org/
45 silly mapToRegistry uri https://registry.npmjs.org/shelljs
46 verbose addNameRange registry:https://registry.npmjs.org/shelljs not in flight; fetching
47 verbose get https://registry.npmjs.org/shelljs not expired, no request
48 silly addNameRange number 2 { name: 'shelljs', range: '*', hasData: true }
49 silly addNameRange versions [ 'shelljs',
49 silly addNameRange   [ '0.0.1',
49 silly addNameRange     '0.0.2',
49 silly addNameRange     '0.0.3',
49 silly addNameRange     '0.0.4',
49 silly addNameRange     '0.0.5',
49 silly addNameRange     '0.0.6',
49 silly addNameRange     '0.0.7',
49 silly addNameRange     '0.0.8',
49 silly addNameRange     '0.0.9',
49 silly addNameRange     '0.1.0',
49 silly addNameRange     '0.1.1',
49 silly addNameRange     '0.1.2',
49 silly addNameRange     '0.1.3',
49 silly addNameRange     '0.1.4',
49 silly addNameRange     '0.2.0',
49 silly addNameRange     '0.2.1',
49 silly addNameRange     '0.2.2',
49 silly addNameRange     '0.2.3',
49 silly addNameRange     '0.2.4',
49 silly addNameRange     '0.2.5',
49 silly addNameRange     '0.2.6',
49 silly addNameRange     '0.3.0',
49 silly addNameRange     '0.4.0',
49 silly addNameRange     '0.5.0',
49 silly addNameRange     '0.5.1',
49 silly addNameRange     '0.5.2',
49 silly addNameRange     '0.5.3',
49 silly addNameRange     '0.6.0',
49 silly addNameRange     '0.7.0',
49 silly addNameRange     '0.7.1',
49 silly addNameRange     '0.7.2',
49 silly addNameRange     '0.7.3',
49 silly addNameRange     '0.6.1',
49 silly addNameRange     '0.7.4',
49 silly addNameRange     '0.7.5',
49 silly addNameRange     '0.7.6',
49 silly addNameRange     '0.7.7',
49 silly addNameRange     '0.7.8',
49 silly addNameRange     '0.0.1-alpha1',
49 silly addNameRange     '0.0.2-pre1',
49 silly addNameRange     '0.0.4-pre1',
49 silly addNameRange     '0.0.5-pre1',
49 silly addNameRange     '0.0.5-pre2',
49 silly addNameRange     '0.0.5-pre3',
49 silly addNameRange     '0.0.5-pre4',
49 silly addNameRange     '0.0.6-pre1',
49 silly addNameRange     '0.0.6-pre2' ] ]
50 silly addNamed shelljs@0.7.8
51 verbose addNamed "0.7.8" is a plain semver version for shelljs
52 silly mapToRegistry name shelljs
53 silly mapToRegistry using default registry
54 silly mapToRegistry registry https://registry.npmjs.org/
55 silly mapToRegistry uri https://registry.npmjs.org/shelljs
56 verbose addRemoteTarball https://registry.npmjs.org/shelljs/-/shelljs-0.7.8.tgz not in flight; adding
57 verbose addRemoteTarball [ 'https://registry.npmjs.org/shelljs/-/shelljs-0.7.8.tgz',
57 verbose addRemoteTarball   'decbcf874b0d1e5fb72e14b164a9683048e9acb3' ]
58 info retry fetch attempt 1 at 1:56:21 PM
59 info attempt registry request try #1 at 1:56:21 PM
60 http fetch GET https://registry.npmjs.org/shelljs/-/shelljs-0.7.8.tgz
61 http fetch 200 https://registry.npmjs.org/shelljs/-/shelljs-0.7.8.tgz
62 silly fetchAndShaCheck shasum decbcf874b0d1e5fb72e14b164a9683048e9acb3
63 verbose addTmpTarball C:\Users\Kalana\AppData\Local\Temp\npm-6888-bcc01279\registry.npmjs.org\shelljs\-\shelljs-0.7.8.tgz not in flight; adding
64 verbose addTmpTarball already have metadata; skipping unpack for shelljs@0.7.8
65 silly cache afterAdd shelljs@0.7.8
66 verbose afterAdd C:\Users\Kalana\AppData\Roaming\npm-cache\shelljs\0.7.8\package\package.json not in flight; writing
67 verbose afterAdd C:\Users\Kalana\AppData\Roaming\npm-cache\shelljs\0.7.8\package\package.json written
68 silly fetchNamedPackageData glob
69 silly mapToRegistry name glob
70 silly mapToRegistry using default registry
71 silly mapToRegistry registry https://registry.npmjs.org/
72 silly mapToRegistry uri https://registry.npmjs.org/glob
73 silly fetchNamedPackageData interpret
74 silly mapToRegistry name interpret
75 silly mapToRegistry using default registry
76 silly mapToRegistry registry https://registry.npmjs.org/
77 silly mapToRegistry uri https://registry.npmjs.org/interpret
78 silly fetchNamedPackageData rechoir
79 silly mapToRegistry name rechoir
80 silly mapToRegistry using default registry
81 silly mapToRegistry registry https://registry.npmjs.org/
82 silly mapToRegistry uri https://registry.npmjs.org/rechoir
83 verbose request uri https://registry.npmjs.org/glob
84 verbose request no auth needed
85 info attempt registry request try #1 at 1:56:21 PM
86 verbose etag W/"596d138f-1fea5"
87 verbose lastModified Mon, 17 Jul 2017 19:44:15 GMT
88 http request GET https://registry.npmjs.org/glob
89 verbose request uri https://registry.npmjs.org/interpret
90 verbose request no auth needed
91 info attempt registry request try #1 at 1:56:22 PM
92 verbose etag "E180NDEZXDVXXFU7RX8YYPK7A"
93 http request GET https://registry.npmjs.org/interpret
94 verbose request uri https://registry.npmjs.org/rechoir
95 verbose request no auth needed
96 info attempt registry request try #1 at 1:56:22 PM
97 verbose etag "EEDJAUZLBUH73FYOB3Y2A6754"
98 http request GET https://registry.npmjs.org/rechoir
99 http 304 https://registry.npmjs.org/glob
100 verbose headers { date: 'Wed, 26 Jul 2017 08:25:46 GMT',
100 verbose headers   via: '1.1 varnish',
100 verbose headers   'cache-control': 'max-age=300',
100 verbose headers   etag: 'W/"596d138f-1fea5"',
100 verbose headers   age: '249',
100 verbose headers   connection: 'keep-alive',
100 verbose headers   'x-served-by': 'cache-sin18029-SIN',
100 verbose headers   'x-cache': 'HIT',
100 verbose headers   'x-cache-hits': '28',
100 verbose headers   'x-timer': 'S1501057547.535036,VS0,VE0',
100 verbose headers   vary: 'Accept-Encoding, Accept' }
101 silly get cb [ 304,
101 silly get   { date: 'Wed, 26 Jul 2017 08:25:46 GMT',
101 silly get     via: '1.1 varnish',
101 silly get     'cache-control': 'max-age=300',
101 silly get     etag: 'W/"596d138f-1fea5"',
101 silly get     age: '249',
101 silly get     connection: 'keep-alive',
101 silly get     'x-served-by': 'cache-sin18029-SIN',
101 silly get     'x-cache': 'HIT',
101 silly get     'x-cache-hits': '28',
101 silly get     'x-timer': 'S1501057547.535036,VS0,VE0',
101 silly get     vary: 'Accept-Encoding, Accept' } ]
102 verbose etag https://registry.npmjs.org/glob from cache
103 verbose get saving glob to C:\Users\Kalana\AppData\Roaming\npm-cache\registry.npmjs.org\glob\.cache.json
104 silly resolveWithNewModule glob@7.1.2 checking installable status
105 silly cache add args [ 'glob@^7.0.0', null ]
106 verbose cache add spec glob@^7.0.0
107 silly cache add parsed spec Result {
107 silly cache add   raw: 'glob@^7.0.0',
107 silly cache add   scope: null,
107 silly cache add   name: 'glob',
107 silly cache add   rawSpec: '^7.0.0',
107 silly cache add   spec: '>=7.0.0 <8.0.0',
107 silly cache add   type: 'range' }
108 silly addNamed glob@>=7.0.0 <8.0.0
109 verbose addNamed ">=7.0.0 <8.0.0" is a valid semver range for glob
110 silly addNameRange { name: 'glob', range: '>=7.0.0 <8.0.0', hasData: false }
111 silly mapToRegistry name glob
112 silly mapToRegistry using default registry
113 silly mapToRegistry registry https://registry.npmjs.org/
114 silly mapToRegistry uri https://registry.npmjs.org/glob
115 verbose addNameRange registry:https://registry.npmjs.org/glob not in flight; fetching
116 verbose get https://registry.npmjs.org/glob not expired, no request
117 silly addNameRange number 2 { name: 'glob', range: '>=7.0.0 <8.0.0', hasData: true }
118 silly addNameRange versions [ 'glob',
118 silly addNameRange   [ '1.1.0',
118 silly addNameRange     '2.0.9',
118 silly addNameRange     '2.0.8',
118 silly addNameRange     '2.0.7',
118 silly addNameRange     '2.1.0',
118 silly addNameRange     '3.0.0',
118 silly addNameRange     '3.0.1',
118 silly addNameRange     '3.1.0',
118 silly addNameRange     '3.1.1',
118 silly addNameRange     '3.1.2',
118 silly addNameRange     '3.1.3',
118 silly addNameRange     '3.1.4',
118 silly addNameRange     '3.1.5',
118 silly addNameRange     '3.1.6',
118 silly addNameRange     '3.1.7',
118 silly addNameRange     '3.1.9',
118 silly addNameRange     '3.1.10',
118 silly addNameRange     '3.1.11',
118 silly addNameRange     '3.1.12',
118 silly addNameRange     '3.1.13',
118 silly addNameRange     '3.1.14',
118 silly addNameRange     '3.1.15',
118 silly addNameRange     '3.1.16',
118 silly addNameRange     '3.1.17',
118 silly addNameRange     '3.1.18',
118 silly addNameRange     '3.1.19',
118 silly addNameRange     '3.1.20',
118 silly addNameRange     '3.1.21',
118 silly addNameRange     '3.2.0',
118 silly addNameRange     '3.2.1',
118 silly addNameRange     '3.2.3',
118 silly addNameRange     '3.2.4',
118 silly addNameRange     '3.2.5',
118 silly addNameRange     '3.2.6',
118 silly addNameRange     '3.2.7',
118 silly addNameRange     '3.2.8',
118 silly addNameRange     '3.2.9',
118 silly addNameRange     '3.2.10',
118 silly addNameRange     '3.2.11',
118 silly addNameRange     '4.0.0',
118 silly addNameRange     '4.0.1',
118 silly addNameRange     '4.0.2',
118 silly addNameRange     '4.0.3',
118 silly addNameRange     '4.0.4',
118 silly addNameRange     '4.0.5',
118 silly addNameRange     '4.0.6',
118 silly addNameRange     '4.1.2-beta',
118 silly addNameRange     '4.1.2',
118 silly addNameRange     '4.1.3',
118 silly addNameRange     '4.1.4',
118 silly addNameRange     '4.1.5',
118 silly addNameRange     '4.1.6',
118 silly addNameRange     '4.2.0',
118 silly addNameRange     '4.2.1',
118 silly addNameRange     '4.2.2',
118 silly addNameRange     '4.3.0',
118 silly addNameRange     '4.3.1',
118 silly addNameRange     '4.3.2',
118 silly addNameRange     '4.3.3',
118 silly addNameRange     '4.3.4',
118 silly addNameRange     '4.3.5',
118 silly addNameRange     '4.4.0',
118 silly addNameRange     '4.4.2',
118 silly addNameRange     '4.5.0',
118 silly addNameRange     '5.0.0',
118 silly addNameRange     '4.5.1',
118 silly addNameRange     '5.0.1',
118 silly addNameRange     '4.5.2',
118 silly addNameRange     '5.0.2',
118 silly addNameRange     '4.5.3',
118 silly addNameRange     '5.0.3',
118 silly addNameRange     '5.0.4',
118 silly addNameRange     '5.0.5',
118 silly addNameRange     '5.0.6',
118 silly addNameRange     '5.0.7',
118 silly addNameRange     '5.0.9',
118 silly addNameRange     '5.0.10',
118 silly addNameRange     '5.0.11',
118 silly addNameRange     '5.0.12',
118 silly addNameRange     '5.0.13',
118 silly addNameRange     '5.0.14',
118 silly addNameRange     '5.0.15',
118 silly addNameRange     '6.0.1',
118 silly addNameRange     '6.0.2',
118 silly addNameRange     '6.0.3',
118 silly addNameRange     '6.0.4',
118 silly addNameRange     '7.0.0',
118 silly addNameRange     '7.0.1',
118 silly addNameRange     '7.0.3',
118 silly addNameRange     '7.0.4',
118 silly addNameRange     '7.0.5',
118 silly addNameRange     '7.0.6',
118 silly addNameRange     '7.1.0',
118 silly addNameRange     '7.1.1',
118 silly addNameRange     '7.1.2' ] ]
119 silly addNamed glob@7.1.2
120 verbose addNamed "7.1.2" is a plain semver version for glob
121 http 200 https://registry.npmjs.org/rechoir
122 verbose headers { server: 'nginx/1.10.3',
122 verbose headers   'content-type': 'application/json',
122 verbose headers   'last-modified': 'Tue, 08 Nov 2016 17:39:55 GMT',
122 verbose headers   etag: 'W/"58220deb-4c17"',
122 verbose headers   'content-encoding': 'gzip',
122 verbose headers   'cache-control': 'max-age=300',
122 verbose headers   'content-length': '2900',
122 verbose headers   'accept-ranges': 'bytes',
122 verbose headers   date: 'Wed, 26 Jul 2017 08:25:46 GMT',
122 verbose headers   via: '1.1 varnish',
122 verbose headers   age: '80',
122 verbose headers   connection: 'keep-alive',
122 verbose headers   'x-served-by': 'cache-sin18030-SIN',
122 verbose headers   'x-cache': 'HIT',
122 verbose headers   'x-cache-hits': '2',
122 verbose headers   'x-timer': 'S1501057547.566067,VS0,VE0',
122 verbose headers   vary: 'Accept-Encoding, Accept' }
123 silly get cb [ 200,
123 silly get   { server: 'nginx/1.10.3',
123 silly get     'content-type': 'application/json',
123 silly get     'last-modified': 'Tue, 08 Nov 2016 17:39:55 GMT',
123 silly get     etag: 'W/"58220deb-4c17"',
123 silly get     'content-encoding': 'gzip',
123 silly get     'cache-control': 'max-age=300',
123 silly get     'content-length': '2900',
123 silly get     'accept-ranges': 'bytes',
123 silly get     date: 'Wed, 26 Jul 2017 08:25:46 GMT',
123 silly get     via: '1.1 varnish',
123 silly get     age: '80',
123 silly get     connection: 'keep-alive',
123 silly get     'x-served-by': 'cache-sin18030-SIN',
123 silly get     'x-cache': 'HIT',
123 silly get     'x-cache-hits': '2',
123 silly get     'x-timer': 'S1501057547.566067,VS0,VE0',
123 silly get     vary: 'Accept-Encoding, Accept' } ]
124 verbose get saving rechoir to C:\Users\Kalana\AppData\Roaming\npm-cache\registry.npmjs.org\rechoir\.cache.json
125 silly mapToRegistry name glob
126 silly mapToRegistry using default registry
127 silly mapToRegistry registry https://registry.npmjs.org/
128 silly mapToRegistry uri https://registry.npmjs.org/glob
129 verbose addRemoteTarball https://registry.npmjs.org/glob/-/glob-7.1.2.tgz not in flight; adding
130 verbose addRemoteTarball [ 'https://registry.npmjs.org/glob/-/glob-7.1.2.tgz',
130 verbose addRemoteTarball   'c19c9df9a028702d678612384a6552404c636d15' ]
131 http 200 https://registry.npmjs.org/interpret
132 verbose headers { server: 'nginx/1.10.3',
132 verbose headers   'content-type': 'application/json',
132 verbose headers   'last-modified': 'Mon, 05 Jun 2017 06:12:57 GMT',
132 verbose headers   etag: 'W/"5934f669-a57e"',
132 verbose headers   'content-encoding': 'gzip',
132 verbose headers   'cache-control': 'max-age=300',
132 verbose headers   'content-length': '5091',
132 verbose headers   'accept-ranges': 'bytes',
132 verbose headers   date: 'Wed, 26 Jul 2017 08:25:46 GMT',
132 verbose headers   via: '1.1 varnish',
132 verbose headers   age: '21',
132 verbose headers   connection: 'keep-alive',
132 verbose headers   'x-served-by': 'cache-sin18021-SIN',
132 verbose headers   'x-cache': 'HIT',
132 verbose headers   'x-cache-hits': '1',
132 verbose headers   'x-timer': 'S1501057547.629477,VS0,VE0',
132 verbose headers   vary: 'Accept-Encoding, Accept' }
133 silly get cb [ 200,
133 silly get   { server: 'nginx/1.10.3',
133 silly get     'content-type': 'application/json',
133 silly get     'last-modified': 'Mon, 05 Jun 2017 06:12:57 GMT',
133 silly get     etag: 'W/"5934f669-a57e"',
133 silly get     'content-encoding': 'gzip',
133 silly get     'cache-control': 'max-age=300',
133 silly get     'content-length': '5091',
133 silly get     'accept-ranges': 'bytes',
133 silly get     date: 'Wed, 26 Jul 2017 08:25:46 GMT',
133 silly get     via: '1.1 varnish',
133 silly get     age: '21',
133 silly get     connection: 'keep-alive',
133 silly get     'x-served-by': 'cache-sin18021-SIN',
133 silly get     'x-cache': 'HIT',
133 silly get     'x-cache-hits': '1',
133 silly get     'x-timer': 'S1501057547.629477,VS0,VE0',
133 silly get     vary: 'Accept-Encoding, Accept' } ]
134 verbose get saving interpret to C:\Users\Kalana\AppData\Roaming\npm-cache\registry.npmjs.org\interpret\.cache.json
135 info retry fetch attempt 1 at 1:56:22 PM
136 info attempt registry request try #1 at 1:56:22 PM
137 http fetch GET https://registry.npmjs.org/glob/-/glob-7.1.2.tgz
138 silly resolveWithNewModule rechoir@0.6.2 checking installable status
139 silly cache add args [ 'rechoir@^0.6.2', null ]
140 verbose cache add spec rechoir@^0.6.2
141 silly cache add parsed spec Result {
141 silly cache add   raw: 'rechoir@^0.6.2',
141 silly cache add   scope: null,
141 silly cache add   name: 'rechoir',
141 silly cache add   rawSpec: '^0.6.2',
141 silly cache add   spec: '>=0.6.2 <0.7.0',
141 silly cache add   type: 'range' }
142 silly addNamed rechoir@>=0.6.2 <0.7.0
143 verbose addNamed ">=0.6.2 <0.7.0" is a valid semver range for rechoir
144 silly addNameRange { name: 'rechoir', range: '>=0.6.2 <0.7.0', hasData: false }
145 silly mapToRegistry name rechoir
146 silly mapToRegistry using default registry
147 silly mapToRegistry registry https://registry.npmjs.org/
148 silly mapToRegistry uri https://registry.npmjs.org/rechoir
149 verbose addNameRange registry:https://registry.npmjs.org/rechoir not in flight; fetching
150 verbose get https://registry.npmjs.org/rechoir not expired, no request
151 silly addNameRange number 2 { name: 'rechoir', range: '>=0.6.2 <0.7.0', hasData: true }
152 silly addNameRange versions [ 'rechoir',
152 silly addNameRange   [ '0.1.0',
152 silly addNameRange     '0.2.0',
152 silly addNameRange     '0.2.1',
152 silly addNameRange     '0.2.2',
152 silly addNameRange     '0.3.0',
152 silly addNameRange     '0.4.0',
152 silly addNameRange     '0.5.0',
152 silly addNameRange     '0.6.0',
152 silly addNameRange     '0.6.1',
152 silly addNameRange     '0.6.2' ] ]
153 silly addNamed rechoir@0.6.2
154 verbose addNamed "0.6.2" is a plain semver version for rechoir
155 silly resolveWithNewModule interpret@1.0.3 checking installable status
156 silly cache add args [ 'interpret@^1.0.0', null ]
157 verbose cache add spec interpret@^1.0.0
158 silly cache add parsed spec Result {
158 silly cache add   raw: 'interpret@^1.0.0',
158 silly cache add   scope: null,
158 silly cache add   name: 'interpret',
158 silly cache add   rawSpec: '^1.0.0',
158 silly cache add   spec: '>=1.0.0 <2.0.0',
158 silly cache add   type: 'range' }
159 silly addNamed interpret@>=1.0.0 <2.0.0
160 verbose addNamed ">=1.0.0 <2.0.0" is a valid semver range for interpret
161 silly addNameRange { name: 'interpret', range: '>=1.0.0 <2.0.0', hasData: false }
162 silly mapToRegistry name interpret
163 silly mapToRegistry using default registry
164 silly mapToRegistry registry https://registry.npmjs.org/
165 silly mapToRegistry uri https://registry.npmjs.org/interpret
166 verbose addNameRange registry:https://registry.npmjs.org/interpret not in flight; fetching
167 verbose get https://registry.npmjs.org/interpret not expired, no request
168 silly addNameRange number 2 { name: 'interpret', range: '>=1.0.0 <2.0.0', hasData: true }
169 silly addNameRange versions [ 'interpret',
169 silly addNameRange   [ '0.1.0',
169 silly addNameRange     '0.2.0',
169 silly addNameRange     '0.3.0',
169 silly addNameRange     '0.3.1',
169 silly addNameRange     '0.3.2',
169 silly addNameRange     '0.3.3',
169 silly addNameRange     '0.3.4',
169 silly addNameRange     '0.3.5',
169 silly addNameRange     '0.3.6',
169 silly addNameRange     '0.3.7',
169 silly addNameRange     '0.3.8',
169 silly addNameRange     '0.3.9',
169 silly addNameRange     '0.3.10',
169 silly addNameRange     '0.4.0',
169 silly addNameRange     '0.4.1',
169 silly addNameRange     '0.4.2',
169 silly addNameRange     '0.4.3',
169 silly addNameRange     '0.5.0',
169 silly addNameRange     '0.5.1',
169 silly addNameRange     '0.5.2',
169 silly addNameRange     '0.6.0',
169 silly addNameRange     '0.6.1',
169 silly addNameRange     '0.6.2',
169 silly addNameRange     '0.6.3',
169 silly addNameRange     '0.6.4',
169 silly addNameRange     '0.6.5',
169 silly addNameRange     '0.6.6',
169 silly addNameRange     '1.0.0',
169 silly addNameRange     '1.0.1',
169 silly addNameRange     '1.0.2',
169 silly addNameRange     '1.0.3' ] ]
170 silly addNamed interpret@1.0.3
171 verbose addNamed "1.0.3" is a plain semver version for interpret
172 silly mapToRegistry name interpret
173 silly mapToRegistry using default registry
174 silly mapToRegistry registry https://registry.npmjs.org/
175 silly mapToRegistry uri https://registry.npmjs.org/interpret
176 verbose addRemoteTarball https://registry.npmjs.org/interpret/-/interpret-1.0.3.tgz not in flight; adding
177 verbose addRemoteTarball [ 'https://registry.npmjs.org/interpret/-/interpret-1.0.3.tgz',
177 verbose addRemoteTarball   'cbc35c62eeee73f19ab7b10a801511401afc0f90' ]
178 info retry fetch attempt 1 at 1:56:22 PM
179 info attempt registry request try #1 at 1:56:22 PM
180 http fetch GET https://registry.npmjs.org/interpret/-/interpret-1.0.3.tgz
181 silly cache afterAdd rechoir@0.6.2
182 verbose afterAdd C:\Users\Kalana\AppData\Roaming\npm-cache\rechoir\0.6.2\package\package.json not in flight; writing
183 verbose afterAdd C:\Users\Kalana\AppData\Roaming\npm-cache\rechoir\0.6.2\package\package.json written
184 http fetch 200 https://registry.npmjs.org/glob/-/glob-7.1.2.tgz
185 silly fetchAndShaCheck shasum c19c9df9a028702d678612384a6552404c636d15
186 verbose addTmpTarball C:\Users\Kalana\AppData\Local\Temp\npm-6888-bcc01279\registry.npmjs.org\glob\-\glob-7.1.2.tgz not in flight; adding
187 verbose addTmpTarball already have metadata; skipping unpack for glob@7.1.2
188 silly cache afterAdd glob@7.1.2
189 verbose afterAdd C:\Users\Kalana\AppData\Roaming\npm-cache\glob\7.1.2\package\package.json not in flight; writing
190 verbose afterAdd C:\Users\Kalana\AppData\Roaming\npm-cache\glob\7.1.2\package\package.json written
191 http fetch 200 https://registry.npmjs.org/interpret/-/interpret-1.0.3.tgz
192 silly fetchAndShaCheck shasum cbc35c62eeee73f19ab7b10a801511401afc0f90
193 verbose addTmpTarball C:\Users\Kalana\AppData\Local\Temp\npm-6888-bcc01279\registry.npmjs.org\interpret\-\interpret-1.0.3.tgz not in flight; adding
194 verbose addTmpTarball already have metadata; skipping unpack for interpret@1.0.3
195 silly cache afterAdd interpret@1.0.3
196 verbose afterAdd C:\Users\Kalana\AppData\Roaming\npm-cache\interpret\1.0.3\package\package.json not in flight; writing
197 verbose afterAdd C:\Users\Kalana\AppData\Roaming\npm-cache\interpret\1.0.3\package\package.json written
198 silly fetchNamedPackageData fs.realpath
199 silly mapToRegistry name fs.realpath
200 silly mapToRegistry using default registry
201 silly mapToRegistry registry https://registry.npmjs.org/
202 silly mapToRegistry uri https://registry.npmjs.org/fs.realpath
203 silly fetchNamedPackageData inflight
204 silly mapToRegistry name inflight
205 silly mapToRegistry using default registry
206 silly mapToRegistry registry https://registry.npmjs.org/
207 silly mapToRegistry uri https://registry.npmjs.org/inflight
208 silly fetchNamedPackageData minimatch
209 silly mapToRegistry name minimatch
210 silly mapToRegistry using default registry
211 silly mapToRegistry registry https://registry.npmjs.org/
212 silly mapToRegistry uri https://registry.npmjs.org/minimatch
213 silly fetchNamedPackageData once
214 silly mapToRegistry name once
215 silly mapToRegistry using default registry
216 silly mapToRegistry registry https://registry.npmjs.org/
217 silly mapToRegistry uri https://registry.npmjs.org/once
218 silly fetchNamedPackageData path-is-absolute
219 silly mapToRegistry name path-is-absolute
220 silly mapToRegistry using default registry
221 silly mapToRegistry registry https://registry.npmjs.org/
222 silly mapToRegistry uri https://registry.npmjs.org/path-is-absolute
223 verbose request uri https://registry.npmjs.org/fs.realpath
224 verbose request no auth needed
225 info attempt registry request try #1 at 1:56:23 PM
226 verbose etag W/"5818d000-107b"
227 verbose lastModified Tue, 01 Nov 2016 17:25:20 GMT
228 http request GET https://registry.npmjs.org/fs.realpath
229 verbose request uri https://registry.npmjs.org/inflight
230 verbose request no auth needed
231 info attempt registry request try #1 at 1:56:23 PM
232 verbose etag W/"594446cc-25b8"
233 verbose lastModified Fri, 16 Jun 2017 20:59:56 GMT
234 http request GET https://registry.npmjs.org/inflight
235 verbose request uri https://registry.npmjs.org/once
236 verbose request no auth needed
237 info attempt registry request try #1 at 1:56:23 PM
238 verbose etag W/"59772afb-25e7"
239 verbose lastModified Tue, 25 Jul 2017 11:26:51 GMT
240 http request GET https://registry.npmjs.org/once
241 verbose request uri https://registry.npmjs.org/minimatch
242 verbose request no auth needed
243 info attempt registry request try #1 at 1:56:23 PM
244 verbose etag W/"595bab76-d1d3"
245 verbose lastModified Tue, 04 Jul 2017 14:51:34 GMT
246 http request GET https://registry.npmjs.org/minimatch
247 verbose request uri https://registry.npmjs.org/path-is-absolute
248 verbose request no auth needed
249 info attempt registry request try #1 at 1:56:23 PM
250 verbose etag W/"58e77292-133a"
251 verbose lastModified Fri, 07 Apr 2017 11:05:54 GMT
252 http request GET https://registry.npmjs.org/path-is-absolute
253 http 304 https://registry.npmjs.org/path-is-absolute
254 verbose headers { date: 'Wed, 26 Jul 2017 08:25:48 GMT',
254 verbose headers   via: '1.1 varnish',
254 verbose headers   'cache-control': 'max-age=300',
254 verbose headers   etag: 'W/"58e77292-133a"',
254 verbose headers   age: '299',
254 verbose headers   connection: 'keep-alive',
254 verbose headers   'x-served-by': 'cache-sin18026-SIN',
254 verbose headers   'x-cache': 'HIT',
254 verbose headers   'x-cache-hits': '664',
254 verbose headers   'x-timer': 'S1501057548.365882,VS0,VE0',
254 verbose headers   vary: 'Accept-Encoding, Accept' }
255 silly get cb [ 304,
255 silly get   { date: 'Wed, 26 Jul 2017 08:25:48 GMT',
255 silly get     via: '1.1 varnish',
255 silly get     'cache-control': 'max-age=300',
255 silly get     etag: 'W/"58e77292-133a"',
255 silly get     age: '299',
255 silly get     connection: 'keep-alive',
255 silly get     'x-served-by': 'cache-sin18026-SIN',
255 silly get     'x-cache': 'HIT',
255 silly get     'x-cache-hits': '664',
255 silly get     'x-timer': 'S1501057548.365882,VS0,VE0',
255 silly get     vary: 'Accept-Encoding, Accept' } ]
256 verbose etag https://registry.npmjs.org/path-is-absolute from cache
257 verbose get saving path-is-absolute to C:\Users\Kalana\AppData\Roaming\npm-cache\registry.npmjs.org\path-is-absolute\.cache.json
258 http 304 https://registry.npmjs.org/once
259 verbose headers { date: 'Wed, 26 Jul 2017 08:25:48 GMT',
259 verbose headers   via: '1.1 varnish',
259 verbose headers   'cache-control': 'max-age=300',
259 verbose headers   etag: 'W/"59772afb-25e7"',
259 verbose headers   age: '282',
259 verbose headers   connection: 'keep-alive',
259 verbose headers   'x-served-by': 'cache-sin18026-SIN',
259 verbose headers   'x-cache': 'HIT',
259 verbose headers   'x-cache-hits': '18',
259 verbose headers   'x-timer': 'S1501057548.368243,VS0,VE0',
259 verbose headers   vary: 'Accept-Encoding, Accept' }
260 silly get cb [ 304,
260 silly get   { date: 'Wed, 26 Jul 2017 08:25:48 GMT',
260 silly get     via: '1.1 varnish',
260 silly get     'cache-control': 'max-age=300',
260 silly get     etag: 'W/"59772afb-25e7"',
260 silly get     age: '282',
260 silly get     connection: 'keep-alive',
260 silly get     'x-served-by': 'cache-sin18026-SIN',
260 silly get     'x-cache': 'HIT',
260 silly get     'x-cache-hits': '18',
260 silly get     'x-timer': 'S1501057548.368243,VS0,VE0',
260 silly get     vary: 'Accept-Encoding, Accept' } ]
261 verbose etag https://registry.npmjs.org/once from cache
262 verbose get saving once to C:\Users\Kalana\AppData\Roaming\npm-cache\registry.npmjs.org\once\.cache.json
263 http 304 https://registry.npmjs.org/inflight
264 verbose headers { date: 'Wed, 26 Jul 2017 08:25:48 GMT',
264 verbose headers   via: '1.1 varnish',
264 verbose headers   'cache-control': 'max-age=300',
264 verbose headers   etag: 'W/"594446cc-25b8"',
264 verbose headers   age: '28',
264 verbose headers   connection: 'keep-alive',
264 verbose headers   'x-served-by': 'cache-sin18022-SIN',
264 verbose headers   'x-cache': 'HIT',
264 verbose headers   'x-cache-hits': '5',
264 verbose headers   'x-timer': 'S1501057548.372932,VS0,VE0',
264 verbose headers   vary: 'Accept-Encoding, Accept' }
265 silly get cb [ 304,
265 silly get   { date: 'Wed, 26 Jul 2017 08:25:48 GMT',
265 silly get     via: '1.1 varnish',
265 silly get     'cache-control': 'max-age=300',
265 silly get     etag: 'W/"594446cc-25b8"',
265 silly get     age: '28',
265 silly get     connection: 'keep-alive',
265 silly get     'x-served-by': 'cache-sin18022-SIN',
265 silly get     'x-cache': 'HIT',
265 silly get     'x-cache-hits': '5',
265 silly get     'x-timer': 'S1501057548.372932,VS0,VE0',
265 silly get     vary: 'Accept-Encoding, Accept' } ]
266 verbose etag https://registry.npmjs.org/inflight from cache
267 verbose get saving inflight to C:\Users\Kalana\AppData\Roaming\npm-cache\registry.npmjs.org\inflight\.cache.json
268 silly resolveWithNewModule path-is-absolute@1.0.1 checking installable status
269 silly cache add args [ 'path-is-absolute@^1.0.0', null ]
270 verbose cache add spec path-is-absolute@^1.0.0
271 silly cache add parsed spec Result {
271 silly cache add   raw: 'path-is-absolute@^1.0.0',
271 silly cache add   scope: null,
271 silly cache add   name: 'path-is-absolute',
271 silly cache add   rawSpec: '^1.0.0',
271 silly cache add   spec: '>=1.0.0 <2.0.0',
271 silly cache add   type: 'range' }
272 silly addNamed path-is-absolute@>=1.0.0 <2.0.0
273 verbose addNamed ">=1.0.0 <2.0.0" is a valid semver range for path-is-absolute
274 silly addNameRange { name: 'path-is-absolute',
274 silly addNameRange   range: '>=1.0.0 <2.0.0',
274 silly addNameRange   hasData: false }
275 silly mapToRegistry name path-is-absolute
276 silly mapToRegistry using default registry
277 silly mapToRegistry registry https://registry.npmjs.org/
278 silly mapToRegistry uri https://registry.npmjs.org/path-is-absolute
279 verbose addNameRange registry:https://registry.npmjs.org/path-is-absolute not in flight; fetching
280 http 304 https://registry.npmjs.org/fs.realpath
281 verbose headers { date: 'Wed, 26 Jul 2017 08:25:48 GMT',
281 verbose headers   via: '1.1 varnish',
281 verbose headers   'cache-control': 'max-age=300',
281 verbose headers   etag: 'W/"5818d000-107b"',
281 verbose headers   age: '5',
281 verbose headers   connection: 'keep-alive',
281 verbose headers   'x-served-by': 'cache-sin18030-SIN',
281 verbose headers   'x-cache': 'HIT',
281 verbose headers   'x-cache-hits': '1',
281 verbose headers   'x-timer': 'S1501057548.380034,VS0,VE0',
281 verbose headers   vary: 'Accept-Encoding, Accept' }
282 silly get cb [ 304,
282 silly get   { date: 'Wed, 26 Jul 2017 08:25:48 GMT',
282 silly get     via: '1.1 varnish',
282 silly get     'cache-control': 'max-age=300',
282 silly get     etag: 'W/"5818d000-107b"',
282 silly get     age: '5',
282 silly get     connection: 'keep-alive',
282 silly get     'x-served-by': 'cache-sin18030-SIN',
282 silly get     'x-cache': 'HIT',
282 silly get     'x-cache-hits': '1',
282 silly get     'x-timer': 'S1501057548.380034,VS0,VE0',
282 silly get     vary: 'Accept-Encoding, Accept' } ]
283 verbose etag https://registry.npmjs.org/fs.realpath from cache
284 verbose get saving fs.realpath to C:\Users\Kalana\AppData\Roaming\npm-cache\registry.npmjs.org\fs.realpath\.cache.json
285 http 304 https://registry.npmjs.org/minimatch
286 verbose headers { date: 'Wed, 26 Jul 2017 08:25:48 GMT',
286 verbose headers   via: '1.1 varnish',
286 verbose headers   'cache-control': 'max-age=300',
286 verbose headers   etag: 'W/"595bab76-d1d3"',
286 verbose headers   age: '36',
286 verbose headers   connection: 'keep-alive',
286 verbose headers   'x-served-by': 'cache-sin18032-SIN',
286 verbose headers   'x-cache': 'HIT',
286 verbose headers   'x-cache-hits': '3',
286 verbose headers   'x-timer': 'S1501057548.384205,VS0,VE0',
286 verbose headers   vary: 'Accept-Encoding, Accept' }
287 silly get cb [ 304,
287 silly get   { date: 'Wed, 26 Jul 2017 08:25:48 GMT',
287 silly get     via: '1.1 varnish',
287 silly get     'cache-control': 'max-age=300',
287 silly get     etag: 'W/"595bab76-d1d3"',
287 silly get     age: '36',
287 silly get     connection: 'keep-alive',
287 silly get     'x-served-by': 'cache-sin18032-SIN',
287 silly get     'x-cache': 'HIT',
287 silly get     'x-cache-hits': '3',
287 silly get     'x-timer': 'S1501057548.384205,VS0,VE0',
287 silly get     vary: 'Accept-Encoding, Accept' } ]
288 verbose etag https://registry.npmjs.org/minimatch from cache
289 verbose get saving minimatch to C:\Users\Kalana\AppData\Roaming\npm-cache\registry.npmjs.org\minimatch\.cache.json
290 verbose get https://registry.npmjs.org/path-is-absolute not expired, no request
291 silly addNameRange number 2 { name: 'path-is-absolute',
291 silly addNameRange   range: '>=1.0.0 <2.0.0',
291 silly addNameRange   hasData: true }
292 silly addNameRange versions [ 'path-is-absolute', [ '1.0.0', '1.0.1' ] ]
293 silly addNamed path-is-absolute@1.0.1
294 verbose addNamed "1.0.1" is a plain semver version for path-is-absolute
295 silly resolveWithNewModule inflight@1.0.6 checking installable status
296 silly cache add args [ 'inflight@^1.0.4', null ]
297 verbose cache add spec inflight@^1.0.4
298 silly cache add parsed spec Result {
298 silly cache add   raw: 'inflight@^1.0.4',
298 silly cache add   scope: null,
298 silly cache add   name: 'inflight',
298 silly cache add   rawSpec: '^1.0.4',
298 silly cache add   spec: '>=1.0.4 <2.0.0',
298 silly cache add   type: 'range' }
299 silly addNamed inflight@>=1.0.4 <2.0.0
300 verbose addNamed ">=1.0.4 <2.0.0" is a valid semver range for inflight
301 silly addNameRange { name: 'inflight', range: '>=1.0.4 <2.0.0', hasData: false }
302 silly mapToRegistry name inflight
303 silly mapToRegistry using default registry
304 silly mapToRegistry registry https://registry.npmjs.org/
305 silly mapToRegistry uri https://registry.npmjs.org/inflight
306 verbose addNameRange registry:https://registry.npmjs.org/inflight not in flight; fetching
307 silly resolveWithNewModule once@1.4.0 checking installable status
308 silly cache add args [ 'once@^1.3.0', null ]
309 verbose cache add spec once@^1.3.0
310 silly cache add parsed spec Result {
310 silly cache add   raw: 'once@^1.3.0',
310 silly cache add   scope: null,
310 silly cache add   name: 'once',
310 silly cache add   rawSpec: '^1.3.0',
310 silly cache add   spec: '>=1.3.0 <2.0.0',
310 silly cache add   type: 'range' }
311 silly addNamed once@>=1.3.0 <2.0.0
312 verbose addNamed ">=1.3.0 <2.0.0" is a valid semver range for once
313 silly addNameRange { name: 'once', range: '>=1.3.0 <2.0.0', hasData: false }
314 silly mapToRegistry name once
315 silly mapToRegistry using default registry
316 silly mapToRegistry registry https://registry.npmjs.org/
317 silly mapToRegistry uri https://registry.npmjs.org/once
318 verbose addNameRange registry:https://registry.npmjs.org/once not in flight; fetching
319 silly resolveWithNewModule fs.realpath@1.0.0 checking installable status
320 silly cache add args [ 'fs.realpath@^1.0.0', null ]
321 verbose cache add spec fs.realpath@^1.0.0
322 silly cache add parsed spec Result {
322 silly cache add   raw: 'fs.realpath@^1.0.0',
322 silly cache add   scope: null,
322 silly cache add   name: 'fs.realpath',
322 silly cache add   rawSpec: '^1.0.0',
322 silly cache add   spec: '>=1.0.0 <2.0.0',
322 silly cache add   type: 'range' }
323 silly addNamed fs.realpath@>=1.0.0 <2.0.0
324 verbose addNamed ">=1.0.0 <2.0.0" is a valid semver range for fs.realpath
325 silly addNameRange { name: 'fs.realpath', range: '>=1.0.0 <2.0.0', hasData: false }
326 silly mapToRegistry name fs.realpath
327 silly mapToRegistry using default registry
328 silly mapToRegistry registry https://registry.npmjs.org/
329 silly mapToRegistry uri https://registry.npmjs.org/fs.realpath
330 verbose addNameRange registry:https://registry.npmjs.org/fs.realpath not in flight; fetching
331 silly cache afterAdd path-is-absolute@1.0.1
332 verbose afterAdd C:\Users\Kalana\AppData\Roaming\npm-cache\path-is-absolute\1.0.1\package\package.json not in flight; writing
333 verbose get https://registry.npmjs.org/inflight not expired, no request
334 silly addNameRange number 2 { name: 'inflight', range: '>=1.0.4 <2.0.0', hasData: true }
335 silly addNameRange versions [ 'inflight',
335 silly addNameRange   [ '1.0.0', '1.0.1', '1.0.2', '1.0.3', '1.0.4', '1.0.5', '1.0.6' ] ]
336 silly addNamed inflight@1.0.6
337 verbose addNamed "1.0.6" is a plain semver version for inflight
338 verbose get https://registry.npmjs.org/once not expired, no request
339 silly addNameRange number 2 { name: 'once', range: '>=1.3.0 <2.0.0', hasData: true }
340 silly addNameRange versions [ 'once',
340 silly addNameRange   [ '1.1.1', '1.2.0', '1.3.0', '1.3.1', '1.3.2', '1.3.3', '1.4.0' ] ]
341 silly addNamed once@1.4.0
342 verbose addNamed "1.4.0" is a plain semver version for once
343 verbose get https://registry.npmjs.org/fs.realpath not expired, no request
344 silly addNameRange number 2 { name: 'fs.realpath', range: '>=1.0.0 <2.0.0', hasData: true }
345 silly addNameRange versions [ 'fs.realpath', [ '0.0.0', '1.0.0' ] ]
346 silly addNamed fs.realpath@1.0.0
347 verbose addNamed "1.0.0" is a plain semver version for fs.realpath
348 verbose afterAdd C:\Users\Kalana\AppData\Roaming\npm-cache\path-is-absolute\1.0.1\package\package.json written
349 silly resolveWithNewModule minimatch@3.0.4 checking installable status
350 silly cache add args [ 'minimatch@^3.0.4', null ]
351 verbose cache add spec minimatch@^3.0.4
352 silly cache add parsed spec Result {
352 silly cache add   raw: 'minimatch@^3.0.4',
352 silly cache add   scope: null,
352 silly cache add   name: 'minimatch',
352 silly cache add   rawSpec: '^3.0.4',
352 silly cache add   spec: '>=3.0.4 <4.0.0',
352 silly cache add   type: 'range' }
353 silly addNamed minimatch@>=3.0.4 <4.0.0
354 verbose addNamed ">=3.0.4 <4.0.0" is a valid semver range for minimatch
355 silly addNameRange { name: 'minimatch', range: '>=3.0.4 <4.0.0', hasData: false }
356 silly mapToRegistry name minimatch
357 silly mapToRegistry using default registry
358 silly mapToRegistry registry https://registry.npmjs.org/
359 silly mapToRegistry uri https://registry.npmjs.org/minimatch
360 verbose addNameRange registry:https://registry.npmjs.org/minimatch not in flight; fetching
361 silly cache afterAdd inflight@1.0.6
362 verbose afterAdd C:\Users\Kalana\AppData\Roaming\npm-cache\inflight\1.0.6\package\package.json not in flight; writing
363 silly cache afterAdd once@1.4.0
364 verbose afterAdd C:\Users\Kalana\AppData\Roaming\npm-cache\once\1.4.0\package\package.json not in flight; writing
365 verbose get https://registry.npmjs.org/minimatch not expired, no request
366 silly addNameRange number 2 { name: 'minimatch', range: '>=3.0.4 <4.0.0', hasData: true }
367 silly addNameRange versions [ 'minimatch',
367 silly addNameRange   [ '0.0.1',
367 silly addNameRange     '0.0.2',
367 silly addNameRange     '0.0.4',
367 silly addNameRange     '0.0.5',
367 silly addNameRange     '0.1.1',
367 silly addNameRange     '0.1.2',
367 silly addNameRange     '0.1.3',
367 silly addNameRange     '0.1.4',
367 silly addNameRange     '0.1.5',
367 silly addNameRange     '0.2.0',
367 silly addNameRange     '0.2.2',
367 silly addNameRange     '0.2.3',
367 silly addNameRange     '0.2.4',
367 silly addNameRange     '0.2.5',
367 silly addNameRange     '0.2.6',
367 silly addNameRange     '0.2.7',
367 silly addNameRange     '0.2.8',
367 silly addNameRange     '0.2.9',
367 silly addNameRange     '0.2.10',
367 silly addNameRange     '0.2.11',
367 silly addNameRange     '0.2.12',
367 silly addNameRange     '0.2.13',
367 silly addNameRange     '0.2.14',
367 silly addNameRange     '0.3.0',
367 silly addNameRange     '0.4.0',
367 silly addNameRange     '1.0.0',
367 silly addNameRange     '2.0.0',
367 silly addNameRange     '2.0.1',
367 silly addNameRange     '2.0.2',
367 silly addNameRange     '2.0.3',
367 silly addNameRange     '2.0.4',
367 silly addNameRange     '2.0.5',
367 silly addNameRange     '2.0.6',
367 silly addNameRange     '2.0.7',
367 silly addNameRange     '2.0.8',
367 silly addNameRange     '2.0.9',
367 silly addNameRange     '2.0.10',
367 silly addNameRange     '3.0.0',
367 silly addNameRange     '3.0.2',
367 silly addNameRange     '3.0.3',
367 silly addNameRange     '3.0.4' ] ]
368 silly addNamed minimatch@3.0.4
369 verbose addNamed "3.0.4" is a plain semver version for minimatch
370 verbose afterAdd C:\Users\Kalana\AppData\Roaming\npm-cache\inflight\1.0.6\package\package.json written
371 silly cache afterAdd fs.realpath@1.0.0
372 verbose afterAdd C:\Users\Kalana\AppData\Roaming\npm-cache\fs.realpath\1.0.0\package\package.json not in flight; writing
373 verbose afterAdd C:\Users\Kalana\AppData\Roaming\npm-cache\once\1.4.0\package\package.json written
374 verbose afterAdd C:\Users\Kalana\AppData\Roaming\npm-cache\fs.realpath\1.0.0\package\package.json written
375 silly cache afterAdd minimatch@3.0.4
376 verbose afterAdd C:\Users\Kalana\AppData\Roaming\npm-cache\minimatch\3.0.4\package\package.json not in flight; writing
377 verbose afterAdd C:\Users\Kalana\AppData\Roaming\npm-cache\minimatch\3.0.4\package\package.json written
378 silly fetchNamedPackageData wrappy
379 silly mapToRegistry name wrappy
380 silly mapToRegistry using default registry
381 silly mapToRegistry registry https://registry.npmjs.org/
382 silly mapToRegistry uri https://registry.npmjs.org/wrappy
383 verbose request uri https://registry.npmjs.org/wrappy
384 verbose request no auth needed
385 info attempt registry request try #1 at 1:56:24 PM
386 verbose etag W/"59444755-11a6"
387 verbose lastModified Fri, 16 Jun 2017 21:02:13 GMT
388 http request GET https://registry.npmjs.org/wrappy
389 http 304 https://registry.npmjs.org/wrappy
390 verbose headers { date: 'Wed, 26 Jul 2017 08:25:49 GMT',
390 verbose headers   via: '1.1 varnish',
390 verbose headers   'cache-control': 'max-age=300',
390 verbose headers   etag: 'W/"59444755-11a6"',
390 verbose headers   age: '174',
390 verbose headers   connection: 'keep-alive',
390 verbose headers   'x-served-by': 'cache-sin18030-SIN',
390 verbose headers   'x-cache': 'HIT',
390 verbose headers   'x-cache-hits': '15',
390 verbose headers   'x-timer': 'S1501057549.256071,VS0,VE0',
390 verbose headers   vary: 'Accept-Encoding, Accept' }
391 silly get cb [ 304,
391 silly get   { date: 'Wed, 26 Jul 2017 08:25:49 GMT',
391 silly get     via: '1.1 varnish',
391 silly get     'cache-control': 'max-age=300',
391 silly get     etag: 'W/"59444755-11a6"',
391 silly get     age: '174',
391 silly get     connection: 'keep-alive',
391 silly get     'x-served-by': 'cache-sin18030-SIN',
391 silly get     'x-cache': 'HIT',
391 silly get     'x-cache-hits': '15',
391 silly get     'x-timer': 'S1501057549.256071,VS0,VE0',
391 silly get     vary: 'Accept-Encoding, Accept' } ]
392 verbose etag https://registry.npmjs.org/wrappy from cache
393 verbose get saving wrappy to C:\Users\Kalana\AppData\Roaming\npm-cache\registry.npmjs.org\wrappy\.cache.json
394 silly resolveWithNewModule wrappy@1.0.2 checking installable status
395 silly cache add args [ 'wrappy@1', null ]
396 verbose cache add spec wrappy@1
397 silly cache add parsed spec Result {
397 silly cache add   raw: 'wrappy@1',
397 silly cache add   scope: null,
397 silly cache add   name: 'wrappy',
397 silly cache add   rawSpec: '1',
397 silly cache add   spec: '>=1.0.0 <2.0.0',
397 silly cache add   type: 'range' }
398 silly addNamed wrappy@>=1.0.0 <2.0.0
399 verbose addNamed ">=1.0.0 <2.0.0" is a valid semver range for wrappy
400 silly addNameRange { name: 'wrappy', range: '>=1.0.0 <2.0.0', hasData: false }
401 silly mapToRegistry name wrappy
402 silly mapToRegistry using default registry
403 silly mapToRegistry registry https://registry.npmjs.org/
404 silly mapToRegistry uri https://registry.npmjs.org/wrappy
405 verbose addNameRange registry:https://registry.npmjs.org/wrappy not in flight; fetching
406 verbose get https://registry.npmjs.org/wrappy not expired, no request
407 silly addNameRange number 2 { name: 'wrappy', range: '>=1.0.0 <2.0.0', hasData: true }
408 silly addNameRange versions [ 'wrappy', [ '1.0.0', '1.0.1', '1.0.2' ] ]
409 silly addNamed wrappy@1.0.2
410 verbose addNamed "1.0.2" is a plain semver version for wrappy
411 silly cache afterAdd wrappy@1.0.2
412 verbose afterAdd C:\Users\Kalana\AppData\Roaming\npm-cache\wrappy\1.0.2\package\package.json not in flight; writing
413 verbose afterAdd C:\Users\Kalana\AppData\Roaming\npm-cache\wrappy\1.0.2\package\package.json written
414 silly fetchNamedPackageData brace-expansion
415 silly mapToRegistry name brace-expansion
416 silly mapToRegistry using default registry
417 silly mapToRegistry registry https://registry.npmjs.org/
418 silly mapToRegistry uri https://registry.npmjs.org/brace-expansion
419 verbose request uri https://registry.npmjs.org/brace-expansion
420 verbose request no auth needed
421 info attempt registry request try #1 at 1:56:25 PM
422 verbose etag W/"595b97db-595c"
423 verbose lastModified Tue, 04 Jul 2017 13:27:55 GMT
424 http request GET https://registry.npmjs.org/brace-expansion
425 http 304 https://registry.npmjs.org/brace-expansion
426 verbose headers { date: 'Wed, 26 Jul 2017 08:25:49 GMT',
426 verbose headers   via: '1.1 varnish',
426 verbose headers   'cache-control': 'max-age=300',
426 verbose headers   etag: 'W/"595b97db-595c"',
426 verbose headers   age: '7',
426 verbose headers   connection: 'keep-alive',
426 verbose headers   'x-served-by': 'cache-sin18021-SIN',
426 verbose headers   'x-cache': 'HIT',
426 verbose headers   'x-cache-hits': '4',
426 verbose headers   'x-timer': 'S1501057550.958568,VS0,VE0',
426 verbose headers   vary: 'Accept-Encoding, Accept' }
427 silly get cb [ 304,
427 silly get   { date: 'Wed, 26 Jul 2017 08:25:49 GMT',
427 silly get     via: '1.1 varnish',
427 silly get     'cache-control': 'max-age=300',
427 silly get     etag: 'W/"595b97db-595c"',
427 silly get     age: '7',
427 silly get     connection: 'keep-alive',
427 silly get     'x-served-by': 'cache-sin18021-SIN',
427 silly get     'x-cache': 'HIT',
427 silly get     'x-cache-hits': '4',
427 silly get     'x-timer': 'S1501057550.958568,VS0,VE0',
427 silly get     vary: 'Accept-Encoding, Accept' } ]
428 verbose etag https://registry.npmjs.org/brace-expansion from cache
429 verbose get saving brace-expansion to C:\Users\Kalana\AppData\Roaming\npm-cache\registry.npmjs.org\brace-expansion\.cache.json
430 silly resolveWithNewModule brace-expansion@1.1.8 checking installable status
431 silly cache add args [ 'brace-expansion@^1.1.7', null ]
432 verbose cache add spec brace-expansion@^1.1.7
433 silly cache add parsed spec Result {
433 silly cache add   raw: 'brace-expansion@^1.1.7',
433 silly cache add   scope: null,
433 silly cache add   name: 'brace-expansion',
433 silly cache add   rawSpec: '^1.1.7',
433 silly cache add   spec: '>=1.1.7 <2.0.0',
433 silly cache add   type: 'range' }
434 silly addNamed brace-expansion@>=1.1.7 <2.0.0
435 verbose addNamed ">=1.1.7 <2.0.0" is a valid semver range for brace-expansion
436 silly addNameRange { name: 'brace-expansion',
436 silly addNameRange   range: '>=1.1.7 <2.0.0',
436 silly addNameRange   hasData: false }
437 silly mapToRegistry name brace-expansion
438 silly mapToRegistry using default registry
439 silly mapToRegistry registry https://registry.npmjs.org/
440 silly mapToRegistry uri https://registry.npmjs.org/brace-expansion
441 verbose addNameRange registry:https://registry.npmjs.org/brace-expansion not in flight; fetching
442 verbose get https://registry.npmjs.org/brace-expansion not expired, no request
443 silly addNameRange number 2 { name: 'brace-expansion',
443 silly addNameRange   range: '>=1.1.7 <2.0.0',
443 silly addNameRange   hasData: true }
444 silly addNameRange versions [ 'brace-expansion',
444 silly addNameRange   [ '0.0.0',
444 silly addNameRange     '1.0.0',
444 silly addNameRange     '1.0.1',
444 silly addNameRange     '1.1.0',
444 silly addNameRange     '1.1.1',
444 silly addNameRange     '1.1.2',
444 silly addNameRange     '1.1.3',
444 silly addNameRange     '1.1.4',
444 silly addNameRange     '1.1.5',
444 silly addNameRange     '1.1.6',
444 silly addNameRange     '1.1.7',
444 silly addNameRange     '1.1.8' ] ]
445 silly addNamed brace-expansion@1.1.8
446 verbose addNamed "1.1.8" is a plain semver version for brace-expansion
447 silly cache afterAdd brace-expansion@1.1.8
448 verbose afterAdd C:\Users\Kalana\AppData\Roaming\npm-cache\brace-expansion\1.1.8\package\package.json not in flight; writing
449 verbose afterAdd C:\Users\Kalana\AppData\Roaming\npm-cache\brace-expansion\1.1.8\package\package.json written
450 silly fetchNamedPackageData balanced-match
451 silly mapToRegistry name balanced-match
452 silly mapToRegistry using default registry
453 silly mapToRegistry registry https://registry.npmjs.org/
454 silly mapToRegistry uri https://registry.npmjs.org/balanced-match
455 silly fetchNamedPackageData concat-map
456 silly mapToRegistry name concat-map
457 silly mapToRegistry using default registry
458 silly mapToRegistry registry https://registry.npmjs.org/
459 silly mapToRegistry uri https://registry.npmjs.org/concat-map
460 verbose request uri https://registry.npmjs.org/concat-map
461 verbose request no auth needed
462 info attempt registry request try #1 at 1:56:26 PM
463 verbose etag W/"52e9c1bb-f3a"
464 verbose lastModified Thu, 30 Jan 2014 03:06:35 GMT
465 http request GET https://registry.npmjs.org/concat-map
466 verbose request uri https://registry.npmjs.org/balanced-match
467 verbose request no auth needed
468 info attempt registry request try #1 at 1:56:26 PM
469 verbose etag W/"59428b1a-476d"
470 verbose lastModified Thu, 15 Jun 2017 13:26:50 GMT
471 http request GET https://registry.npmjs.org/balanced-match
472 http 304 https://registry.npmjs.org/balanced-match
473 verbose headers { date: 'Wed, 26 Jul 2017 08:25:50 GMT',
473 verbose headers   via: '1.1 varnish',
473 verbose headers   'cache-control': 'max-age=300',
473 verbose headers   etag: 'W/"59428b1a-476d"',
473 verbose headers   age: '11',
473 verbose headers   connection: 'keep-alive',
473 verbose headers   'x-served-by': 'cache-sin18030-SIN',
473 verbose headers   'x-cache': 'HIT',
473 verbose headers   'x-cache-hits': '1',
473 verbose headers   'x-timer': 'S1501057551.780968,VS0,VE0',
473 verbose headers   vary: 'Accept-Encoding, Accept' }
474 silly get cb [ 304,
474 silly get   { date: 'Wed, 26 Jul 2017 08:25:50 GMT',
474 silly get     via: '1.1 varnish',
474 silly get     'cache-control': 'max-age=300',
474 silly get     etag: 'W/"59428b1a-476d"',
474 silly get     age: '11',
474 silly get     connection: 'keep-alive',
474 silly get     'x-served-by': 'cache-sin18030-SIN',
474 silly get     'x-cache': 'HIT',
474 silly get     'x-cache-hits': '1',
474 silly get     'x-timer': 'S1501057551.780968,VS0,VE0',
474 silly get     vary: 'Accept-Encoding, Accept' } ]
475 verbose etag https://registry.npmjs.org/balanced-match from cache
476 verbose get saving balanced-match to C:\Users\Kalana\AppData\Roaming\npm-cache\registry.npmjs.org\balanced-match\.cache.json
477 silly resolveWithNewModule balanced-match@1.0.0 checking installable status
478 silly cache add args [ 'balanced-match@^1.0.0', null ]
479 verbose cache add spec balanced-match@^1.0.0
480 silly cache add parsed spec Result {
480 silly cache add   raw: 'balanced-match@^1.0.0',
480 silly cache add   scope: null,
480 silly cache add   name: 'balanced-match',
480 silly cache add   rawSpec: '^1.0.0',
480 silly cache add   spec: '>=1.0.0 <2.0.0',
480 silly cache add   type: 'range' }
481 silly addNamed balanced-match@>=1.0.0 <2.0.0
482 verbose addNamed ">=1.0.0 <2.0.0" is a valid semver range for balanced-match
483 silly addNameRange { name: 'balanced-match',
483 silly addNameRange   range: '>=1.0.0 <2.0.0',
483 silly addNameRange   hasData: false }
484 silly mapToRegistry name balanced-match
485 silly mapToRegistry using default registry
486 silly mapToRegistry registry https://registry.npmjs.org/
487 silly mapToRegistry uri https://registry.npmjs.org/balanced-match
488 verbose addNameRange registry:https://registry.npmjs.org/balanced-match not in flight; fetching
489 verbose get https://registry.npmjs.org/balanced-match not expired, no request
490 silly addNameRange number 2 { name: 'balanced-match',
490 silly addNameRange   range: '>=1.0.0 <2.0.0',
490 silly addNameRange   hasData: true }
491 silly addNameRange versions [ 'balanced-match',
491 silly addNameRange   [ '0.0.0',
491 silly addNameRange     '0.0.1',
491 silly addNameRange     '0.1.0',
491 silly addNameRange     '0.2.0',
491 silly addNameRange     '0.2.1',
491 silly addNameRange     '0.3.0',
491 silly addNameRange     '0.4.0',
491 silly addNameRange     '0.4.1',
491 silly addNameRange     '0.4.2',
491 silly addNameRange     '1.0.0' ] ]
492 silly addNamed balanced-match@1.0.0
493 verbose addNamed "1.0.0" is a plain semver version for balanced-match
494 silly cache afterAdd balanced-match@1.0.0
495 verbose afterAdd C:\Users\Kalana\AppData\Roaming\npm-cache\balanced-match\1.0.0\package\package.json not in flight; writing
496 verbose afterAdd C:\Users\Kalana\AppData\Roaming\npm-cache\balanced-match\1.0.0\package\package.json written
497 http 304 https://registry.npmjs.org/concat-map
498 verbose headers { date: 'Wed, 26 Jul 2017 08:25:51 GMT',
498 verbose headers   via: '1.1 varnish',
498 verbose headers   'cache-control': 'max-age=300',
498 verbose headers   etag: 'W/"52e9c1bb-f3a"',
498 verbose headers   age: '292',
498 verbose headers   connection: 'keep-alive',
498 verbose headers   'x-served-by': 'cache-sin18020-SIN',
498 verbose headers   'x-cache': 'HIT',
498 verbose headers   'x-cache-hits': '18',
498 verbose headers   'x-timer': 'S1501057551.064396,VS0,VE0',
498 verbose headers   vary: 'Accept-Encoding, Accept' }
499 silly get cb [ 304,
499 silly get   { date: 'Wed, 26 Jul 2017 08:25:51 GMT',
499 silly get     via: '1.1 varnish',
499 silly get     'cache-control': 'max-age=300',
499 silly get     etag: 'W/"52e9c1bb-f3a"',
499 silly get     age: '292',
499 silly get     connection: 'keep-alive',
499 silly get     'x-served-by': 'cache-sin18020-SIN',
499 silly get     'x-cache': 'HIT',
499 silly get     'x-cache-hits': '18',
499 silly get     'x-timer': 'S1501057551.064396,VS0,VE0',
499 silly get     vary: 'Accept-Encoding, Accept' } ]
500 verbose etag https://registry.npmjs.org/concat-map from cache
501 verbose get saving concat-map to C:\Users\Kalana\AppData\Roaming\npm-cache\registry.npmjs.org\concat-map\.cache.json
502 silly resolveWithNewModule concat-map@0.0.1 checking installable status
503 silly cache add args [ 'concat-map@0.0.1', null ]
504 verbose cache add spec concat-map@0.0.1
505 silly cache add parsed spec Result {
505 silly cache add   raw: 'concat-map@0.0.1',
505 silly cache add   scope: null,
505 silly cache add   name: 'concat-map',
505 silly cache add   rawSpec: '0.0.1',
505 silly cache add   spec: '0.0.1',
505 silly cache add   type: 'version' }
506 silly addNamed concat-map@0.0.1
507 verbose addNamed "0.0.1" is a plain semver version for concat-map
508 silly mapToRegistry name concat-map
509 silly mapToRegistry using default registry
510 silly mapToRegistry registry https://registry.npmjs.org/
511 silly mapToRegistry uri https://registry.npmjs.org/concat-map
512 verbose addNameVersion registry:https://registry.npmjs.org/concat-map not in flight; fetching
513 verbose get https://registry.npmjs.org/concat-map not expired, no request
514 silly cache afterAdd concat-map@0.0.1
515 verbose afterAdd C:\Users\Kalana\AppData\Roaming\npm-cache\concat-map\0.0.1\package\package.json not in flight; writing
516 verbose afterAdd C:\Users\Kalana\AppData\Roaming\npm-cache\concat-map\0.0.1\package\package.json written
517 silly fetchNamedPackageData resolve
518 silly mapToRegistry name resolve
519 silly mapToRegistry using default registry
520 silly mapToRegistry registry https://registry.npmjs.org/
521 silly mapToRegistry uri https://registry.npmjs.org/resolve
522 verbose request uri https://registry.npmjs.org/resolve
523 verbose request no auth needed
524 info attempt registry request try #1 at 1:56:27 PM
525 verbose etag "JRYGJUMH9LKT7TX2IWA5N8VJ"
526 http request GET https://registry.npmjs.org/resolve
527 http 200 https://registry.npmjs.org/resolve
528 verbose headers { server: 'nginx/1.10.3',
528 verbose headers   'content-type': 'application/json',
528 verbose headers   'last-modified': 'Thu, 13 Jul 2017 09:44:43 GMT',
528 verbose headers   etag: 'W/"5967410b-d0c4"',
528 verbose headers   'content-encoding': 'gzip',
528 verbose headers   'cache-control': 'max-age=300',
528 verbose headers   'content-length': '6386',
528 verbose headers   'accept-ranges': 'bytes',
528 verbose headers   date: 'Wed, 26 Jul 2017 08:25:51 GMT',
528 verbose headers   via: '1.1 varnish',
528 verbose headers   age: '61',
528 verbose headers   connection: 'keep-alive',
528 verbose headers   'x-served-by': 'cache-sin18020-SIN',
528 verbose headers   'x-cache': 'HIT',
528 verbose headers   'x-cache-hits': '2',
528 verbose headers   'x-timer': 'S1501057552.932271,VS0,VE0',
528 verbose headers   vary: 'Accept-Encoding, Accept' }
529 silly get cb [ 200,
529 silly get   { server: 'nginx/1.10.3',
529 silly get     'content-type': 'application/json',
529 silly get     'last-modified': 'Thu, 13 Jul 2017 09:44:43 GMT',
529 silly get     etag: 'W/"5967410b-d0c4"',
529 silly get     'content-encoding': 'gzip',
529 silly get     'cache-control': 'max-age=300',
529 silly get     'content-length': '6386',
529 silly get     'accept-ranges': 'bytes',
529 silly get     date: 'Wed, 26 Jul 2017 08:25:51 GMT',
529 silly get     via: '1.1 varnish',
529 silly get     age: '61',
529 silly get     connection: 'keep-alive',
529 silly get     'x-served-by': 'cache-sin18020-SIN',
529 silly get     'x-cache': 'HIT',
529 silly get     'x-cache-hits': '2',
529 silly get     'x-timer': 'S1501057552.932271,VS0,VE0',
529 silly get     vary: 'Accept-Encoding, Accept' } ]
530 verbose get saving resolve to C:\Users\Kalana\AppData\Roaming\npm-cache\registry.npmjs.org\resolve\.cache.json
531 silly resolveWithNewModule resolve@1.3.3 checking installable status
532 silly cache add args [ 'resolve@^1.1.6', null ]
533 verbose cache add spec resolve@^1.1.6
534 silly cache add parsed spec Result {
534 silly cache add   raw: 'resolve@^1.1.6',
534 silly cache add   scope: null,
534 silly cache add   name: 'resolve',
534 silly cache add   rawSpec: '^1.1.6',
534 silly cache add   spec: '>=1.1.6 <2.0.0',
534 silly cache add   type: 'range' }
535 silly addNamed resolve@>=1.1.6 <2.0.0
536 verbose addNamed ">=1.1.6 <2.0.0" is a valid semver range for resolve
537 silly addNameRange { name: 'resolve', range: '>=1.1.6 <2.0.0', hasData: false }
538 silly mapToRegistry name resolve
539 silly mapToRegistry using default registry
540 silly mapToRegistry registry https://registry.npmjs.org/
541 silly mapToRegistry uri https://registry.npmjs.org/resolve
542 verbose addNameRange registry:https://registry.npmjs.org/resolve not in flight; fetching
543 verbose get https://registry.npmjs.org/resolve not expired, no request
544 silly addNameRange number 2 { name: 'resolve', range: '>=1.1.6 <2.0.0', hasData: true }
545 silly addNameRange versions [ 'resolve',
545 silly addNameRange   [ '0.0.0',
545 silly addNameRange     '0.0.1',
545 silly addNameRange     '0.0.2',
545 silly addNameRange     '0.0.3',
545 silly addNameRange     '0.0.4',
545 silly addNameRange     '0.1.0',
545 silly addNameRange     '0.1.2',
545 silly addNameRange     '0.1.3',
545 silly addNameRange     '0.2.0',
545 silly addNameRange     '0.2.1',
545 silly addNameRange     '0.2.2',
545 silly addNameRange     '0.2.3',
545 silly addNameRange     '0.2.4',
545 silly addNameRange     '0.2.5',
545 silly addNameRange     '0.2.6',
545 silly addNameRange     '0.2.7',
545 silly addNameRange     '0.2.8',
545 silly addNameRange     '0.3.0',
545 silly addNameRange     '0.3.1',
545 silly addNameRange     '0.4.0',
545 silly addNameRange     '0.4.1',
545 silly addNameRange     '0.4.2',
545 silly addNameRange     '0.4.3',
545 silly addNameRange     '0.5.0',
545 silly addNameRange     '0.5.1',
545 silly addNameRange     '0.6.0',
545 silly addNameRange     '0.6.1',
545 silly addNameRange     '0.6.2',
545 silly addNameRange     '0.6.3',
545 silly addNameRange     '0.7.0',
545 silly addNameRange     '0.7.1',
545 silly addNameRange     '0.7.2',
545 silly addNameRange     '0.7.3',
545 silly addNameRange     '0.7.4',
545 silly addNameRange     '1.0.0',
545 silly addNameRange     '1.1.0',
545 silly addNameRange     '1.1.2',
545 silly addNameRange     '1.1.3',
545 silly addNameRange     '1.1.4',
545 silly addNameRange     '1.1.5',
545 silly addNameRange     '1.1.6',
545 silly addNameRange     '1.1.7',
545 silly addNameRange     '1.2.0',
545 silly addNameRange     '1.3.0',
545 silly addNameRange     '1.3.1',
545 silly addNameRange     '1.2.1',
545 silly addNameRange     '1.3.2',
545 silly addNameRange     '1.3.3' ] ]
546 silly addNamed resolve@1.3.3
547 verbose addNamed "1.3.3" is a plain semver version for resolve
548 silly mapToRegistry name resolve
549 silly mapToRegistry using default registry
550 silly mapToRegistry registry https://registry.npmjs.org/
551 silly mapToRegistry uri https://registry.npmjs.org/resolve
552 verbose addRemoteTarball https://registry.npmjs.org/resolve/-/resolve-1.3.3.tgz not in flight; adding
553 verbose addRemoteTarball [ 'https://registry.npmjs.org/resolve/-/resolve-1.3.3.tgz',
553 verbose addRemoteTarball   '655907c3469a8680dc2de3a275a8fdd69691f0e5' ]
554 info retry fetch attempt 1 at 1:56:28 PM
555 info attempt registry request try #1 at 1:56:28 PM
556 http fetch GET https://registry.npmjs.org/resolve/-/resolve-1.3.3.tgz
557 http fetch 200 https://registry.npmjs.org/resolve/-/resolve-1.3.3.tgz
558 silly fetchAndShaCheck shasum 655907c3469a8680dc2de3a275a8fdd69691f0e5
559 verbose addTmpTarball C:\Users\Kalana\AppData\Local\Temp\npm-6888-bcc01279\registry.npmjs.org\resolve\-\resolve-1.3.3.tgz not in flight; adding
560 verbose addTmpTarball already have metadata; skipping unpack for resolve@1.3.3
561 silly cache afterAdd resolve@1.3.3
562 verbose afterAdd C:\Users\Kalana\AppData\Roaming\npm-cache\resolve\1.3.3\package\package.json not in flight; writing
563 verbose afterAdd C:\Users\Kalana\AppData\Roaming\npm-cache\resolve\1.3.3\package\package.json written
564 silly fetchNamedPackageData path-parse
565 silly mapToRegistry name path-parse
566 silly mapToRegistry using default registry
567 silly mapToRegistry registry https://registry.npmjs.org/
568 silly mapToRegistry uri https://registry.npmjs.org/path-parse
569 verbose request uri https://registry.npmjs.org/path-parse
570 verbose request no auth needed
571 info attempt registry request try #1 at 1:56:28 PM
572 http request GET https://registry.npmjs.org/path-parse
573 http 200 https://registry.npmjs.org/path-parse
574 verbose headers { server: 'nginx/1.10.3',
574 verbose headers   'content-type': 'application/json',
574 verbose headers   'last-modified': 'Sun, 16 Apr 2017 23:40:07 GMT',
574 verbose headers   etag: 'W/"58f400d7-1f68"',
574 verbose headers   'content-encoding': 'gzip',
574 verbose headers   'cache-control': 'max-age=300',
574 verbose headers   'content-length': '1536',
574 verbose headers   'accept-ranges': 'bytes',
574 verbose headers   date: 'Wed, 26 Jul 2017 08:25:53 GMT',
574 verbose headers   via: '1.1 varnish',
574 verbose headers   age: '108',
574 verbose headers   connection: 'keep-alive',
574 verbose headers   'x-served-by': 'cache-sin18023-SIN',
574 verbose headers   'x-cache': 'HIT',
574 verbose headers   'x-cache-hits': '6',
574 verbose headers   'x-timer': 'S1501057553.221378,VS0,VE0',
574 verbose headers   vary: 'Accept-Encoding, Accept' }
575 silly get cb [ 200,
575 silly get   { server: 'nginx/1.10.3',
575 silly get     'content-type': 'application/json',
575 silly get     'last-modified': 'Sun, 16 Apr 2017 23:40:07 GMT',
575 silly get     etag: 'W/"58f400d7-1f68"',
575 silly get     'content-encoding': 'gzip',
575 silly get     'cache-control': 'max-age=300',
575 silly get     'content-length': '1536',
575 silly get     'accept-ranges': 'bytes',
575 silly get     date: 'Wed, 26 Jul 2017 08:25:53 GMT',
575 silly get     via: '1.1 varnish',
575 silly get     age: '108',
575 silly get     connection: 'keep-alive',
575 silly get     'x-served-by': 'cache-sin18023-SIN',
575 silly get     'x-cache': 'HIT',
575 silly get     'x-cache-hits': '6',
575 silly get     'x-timer': 'S1501057553.221378,VS0,VE0',
575 silly get     vary: 'Accept-Encoding, Accept' } ]
576 verbose get saving path-parse to C:\Users\Kalana\AppData\Roaming\npm-cache\registry.npmjs.org\path-parse\.cache.json
577 silly resolveWithNewModule path-parse@1.0.5 checking installable status
578 silly cache add args [ 'path-parse@^1.0.5', null ]
579 verbose cache add spec path-parse@^1.0.5
580 silly cache add parsed spec Result {
580 silly cache add   raw: 'path-parse@^1.0.5',
580 silly cache add   scope: null,
580 silly cache add   name: 'path-parse',
580 silly cache add   rawSpec: '^1.0.5',
580 silly cache add   spec: '>=1.0.5 <2.0.0',
580 silly cache add   type: 'range' }
581 silly addNamed path-parse@>=1.0.5 <2.0.0
582 verbose addNamed ">=1.0.5 <2.0.0" is a valid semver range for path-parse
583 silly addNameRange { name: 'path-parse', range: '>=1.0.5 <2.0.0', hasData: false }
584 silly mapToRegistry name path-parse
585 silly mapToRegistry using default registry
586 silly mapToRegistry registry https://registry.npmjs.org/
587 silly mapToRegistry uri https://registry.npmjs.org/path-parse
588 verbose addNameRange registry:https://registry.npmjs.org/path-parse not in flight; fetching
589 verbose get https://registry.npmjs.org/path-parse not expired, no request
590 silly addNameRange number 2 { name: 'path-parse', range: '>=1.0.5 <2.0.0', hasData: true }
591 silly addNameRange versions [ 'path-parse',
591 silly addNameRange   [ '1.0.0', '1.0.1', '1.0.2', '1.0.3', '1.0.4', '1.0.5' ] ]
592 silly addNamed path-parse@1.0.5
593 verbose addNamed "1.0.5" is a plain semver version for path-parse
594 silly mapToRegistry name path-parse
595 silly mapToRegistry using default registry
596 silly mapToRegistry registry https://registry.npmjs.org/
597 silly mapToRegistry uri https://registry.npmjs.org/path-parse
598 verbose addRemoteTarball https://registry.npmjs.org/path-parse/-/path-parse-1.0.5.tgz not in flight; adding
599 verbose addRemoteTarball [ 'https://registry.npmjs.org/path-parse/-/path-parse-1.0.5.tgz',
599 verbose addRemoteTarball   '3c1adf871ea9cd6c9431b6ea2bd74a0ff055c4c1' ]
600 info retry fetch attempt 1 at 1:56:29 PM
601 info attempt registry request try #1 at 1:56:29 PM
602 http fetch GET https://registry.npmjs.org/path-parse/-/path-parse-1.0.5.tgz
603 http fetch 200 https://registry.npmjs.org/path-parse/-/path-parse-1.0.5.tgz
604 silly fetchAndShaCheck shasum 3c1adf871ea9cd6c9431b6ea2bd74a0ff055c4c1
605 verbose addTmpTarball C:\Users\Kalana\AppData\Local\Temp\npm-6888-bcc01279\registry.npmjs.org\path-parse\-\path-parse-1.0.5.tgz not in flight; adding
606 verbose addTmpTarball already have metadata; skipping unpack for path-parse@1.0.5
607 silly cache afterAdd path-parse@1.0.5
608 verbose afterAdd C:\Users\Kalana\AppData\Roaming\npm-cache\path-parse\1.0.5\package\package.json not in flight; writing
609 verbose afterAdd C:\Users\Kalana\AppData\Roaming\npm-cache\path-parse\1.0.5\package\package.json written
610 verbose stack TypeError: Cannot read property 'localeCompare' of undefined
610 verbose stack     at installOrder (C:\Users\Kalana\AppData\Roaming\npm\node_modules\npm\lib\install\deps.js:241:32)
610 verbose stack     at Array.sort (native)
610 verbose stack     at C:\Users\Kalana\AppData\Roaming\npm\node_modules\npm\lib\install\deps.js:240:27
610 verbose stack     at cb (C:\Users\Kalana\AppData\Roaming\npm\node_modules\npm\node_modules\slide\lib\async-map.js:47:24)
610 verbose stack     at resolveWithExistingModule (C:\Users\Kalana\AppData\Roaming\npm\node_modules\npm\lib\install\deps.js:377:3)
610 verbose stack     at C:\Users\Kalana\AppData\Roaming\npm\node_modules\npm\lib\install\deps.js:347:5
610 verbose stack     at C:\Users\Kalana\AppData\Roaming\npm\node_modules\npm\node_modules\slide\lib\async-map.js:52:35
610 verbose stack     at Array.forEach (native)
610 verbose stack     at C:\Users\Kalana\AppData\Roaming\npm\node_modules\npm\node_modules\slide\lib\async-map.js:52:11
610 verbose stack     at Array.forEach (native)
611 verbose cwd D:\serverRegistry
612 error Windows_NT 6.3.9600
613 error argv "C:\\Program Files\\nodejs\\node.exe" "C:\\Users\\Kalana\\AppData\\Roaming\\npm\\node_modules\\npm\\bin\\npm-cli.js" "install" "shelljs" "--save"
614 error node v4.1.2
615 error npm  v3.3.6
616 error Cannot read property 'localeCompare' of undefined
617 error If you need help, you may report this error at:
617 error     <https://github.com/npm/npm/issues>
618 verbose exit [ 1, true ]
